{"level":"warning","message":"Trying to reconnect to: mpv.cdn3.bigCDN.com on port 5573.","timestamp":"2017-07-09T13:54:24.734Z"}
{"level":"info","message":"Config Updated","timestamp":"2017-07-09T13:58:15.788Z"}
{"level":"info","message":"Starting Stream","timestamp":"2017-07-09T13:58:15.813Z"}
{"level":"success","message":"Connected to the Master-Server.","timestamp":"2017-07-09T13:58:15.886Z"}
{"level":"info","message":"Attempting to create the SSH tunnels.","timestamp":"2017-07-09T13:58:15.888Z"}
{"level":"success","message":"Started Stream","timestamp":"2017-07-09T13:58:16.095Z"}
{"level":"info","message":"Setting SSH ports to [object Object]","timestamp":"2017-07-09T13:58:17.001Z"}
{"level":"success","message":"SSH tunnels are up and running.","timestamp":"2017-07-09T13:58:17.002Z"}
{"level":"danger","message":"An error has occured: Camera Disconnected\nSTDERR: ffmpeg version 3.3.2 Copyright (c) 2000-2017 the FFmpeg developers\n  built with gcc 7.1.1 (GCC) 20170516\n  configuration: --prefix=/usr --disable-debug --disable-static --disable-stripping --enable-avisynth --enable-avresample --enable-fontconfig --enable-gmp --enable-gnutls --enable-gpl --enable-ladspa --enable-libass --enable-libbluray --enable-libfreetype --enable-libfribidi --enable-libgsm --enable-libiec61883 --enable-libmodplug --enable-libmp3lame --enable-libopencore_amrnb --enable-libopencore_amrwb --enable-libopenjpeg --enable-libopus --enable-libpulse --enable-libschroedinger --enable-libsoxr --enable-libspeex --enable-libssh --enable-libtheora --enable-libv4l2 --enable-libvidstab --enable-libvorbis --enable-libvpx --enable-libwebp --enable-libx264 --enable-libx265 --enable-libxcb --enable-libxvid --enable-shared --enable-version3\n  libavutil      55. 58.100 / 55. 58.100\n  libavcodec     57. 89.100 / 57. 89.100\n  libavformat    57. 71.100 / 57. 71.100\n  libavdevice    57.  6.100 / 57.  6.100\n  libavfilter     6. 82.100 /  6. 82.100\n  libavresample   3.  5.  0 /  3.  5.  0\n  libswscale      4.  6.100 /  4.  6.100\n  libswresample   2.  7.100 /  2.  7.100\n  libpostproc    54.  5.100 / 54.  5.100\n[tcp @ 0x55fe61d6a540] Connection to tcp://mpv.cdn3.bigCDN.com:5573?timeout=0 failed: Connection timed out\nrtsp://mpv.cdn3.bigCDN.com:5573/bigCDN/definst/mp4:bigbuckbunnyiphone_400.mp4: Connection timed out\n\n","timestamp":"2017-07-09T14:00:26.546Z"}
{"level":"warning","message":"Trying to reconnect to: mpv.cdn3.bigCDN.com on port 5573.","timestamp":"2017-07-09T14:00:26.549Z"}
{"level":"info","message":"Config Updated","timestamp":"2017-07-09T14:02:24.737Z"}
{"level":"info","message":"Starting Stream","timestamp":"2017-07-09T14:02:24.788Z"}
{"level":"success","message":"Connected to the Master-Server.","timestamp":"2017-07-09T14:02:24.851Z"}
{"level":"info","message":"Attempting to create the SSH tunnels.","timestamp":"2017-07-09T14:02:24.852Z"}
{"level":"info","message":"Setting SSH ports to 10000 and 42383","timestamp":"2017-07-09T14:02:24.975Z"}
{"level":"success","message":"SSH tunnels are up and running.","timestamp":"2017-07-09T14:02:24.985Z"}
{"level":"success","message":"Started Stream","timestamp":"2017-07-09T14:02:25.018Z"}
{"level":"info","message":"Config Updated","timestamp":"2017-07-19T17:04:58.226Z"}
{"level":"info","message":"Starting Stream","timestamp":"2017-07-19T17:04:58.251Z"}
{"level":"success","message":"Started Stream","timestamp":"2017-07-19T17:04:58.388Z"}
{"level":"success","message":"Connected to the Master-Server.","timestamp":"2017-07-19T17:05:35.816Z"}
{"level":"info","message":"Attempting to create the SSH tunnels.","timestamp":"2017-07-19T17:05:35.817Z"}
{"level":"danger","message":"An (SSH) error has occured: Command failed: ssh -NR 10000:localhost:22 -o ExitOnForwardFailure=yes -o StrictHostKeyChecking=no -o ServerAliveInterval=30 -o ServerAliveCountMax=1    hiro@localhost\nstty: 'standard input': Inappropriate ioctl for device\n\u001b[91mcould not connect to remote: dial tcp [::1]:22: getsockopt: connection refused\u001b[0m\r\nssh_exchange_identification: Connection closed by remote host\r\n","timestamp":"2017-07-19T17:05:36.395Z"}
{"level":"warning","message":"Although the times are hard, we will try to reconnect the SSH tunels once the connection to the SSH-Manager is regained!","timestamp":"2017-07-19T17:05:41.709Z"}
{"level":"danger","message":"An (SSH) error has occured: Connection to SSH-Manager lost!","timestamp":"2017-07-19T17:05:41.710Z"}
{"level":"info","message":"Attempting to create the SSH tunnels.","timestamp":"2017-07-19T17:05:51.727Z"}
{"level":"info","message":"Setting SSH ports to 10000 and 8081","timestamp":"2017-07-19T17:05:53.757Z"}
{"level":"success","message":"SSH tunnels are up and running.","timestamp":"2017-07-19T17:05:53.757Z"}
{"level":"danger","message":"An error has occured: Camera Disconnected\nSTDERR: ffmpeg version 3.3.2 Copyright (c) 2000-2017 the FFmpeg developers\n  built with gcc 7.1.1 (GCC) 20170516\n  configuration: --prefix=/usr --disable-debug --disable-static --disable-stripping --enable-avisynth --enable-avresample --enable-fontconfig --enable-gmp --enable-gnutls --enable-gpl --enable-ladspa --enable-libass --enable-libbluray --enable-libfreetype --enable-libfribidi --enable-libgsm --enable-libiec61883 --enable-libmodplug --enable-libmp3lame --enable-libopencore_amrnb --enable-libopencore_amrwb --enable-libopenjpeg --enable-libopus --enable-libpulse --enable-libschroedinger --enable-libsoxr --enable-libspeex --enable-libssh --enable-libtheora --enable-libv4l2 --enable-libvidstab --enable-libvorbis --enable-libvpx --enable-libwebp --enable-libx264 --enable-libx265 --enable-libxcb --enable-libxvid --enable-shared --enable-version3\n  libavutil      55. 58.100 / 55. 58.100\n  libavcodec     57. 89.100 / 57. 89.100\n  libavformat    57. 71.100 / 57. 71.100\n  libavdevice    57.  6.100 / 57.  6.100\n  libavfilter     6. 82.100 /  6. 82.100\n  libavresample   3.  5.  0 /  3.  5.  0\n  libswscale      4.  6.100 /  4.  6.100\n  libswresample   2.  7.100 /  2.  7.100\n  libpostproc    54.  5.100 / 54.  5.100\n[tcp @ 0x55f6908db540] Connection to tcp://mpv.cdn3.bigCDN.com:5573?timeout=0 failed: Connection timed out\nrtsp://mpv.cdn3.bigCDN.com:5573/bigCDN/definst/mp4:bigbuckbunnyiphone_400.mp4: Connection timed out\n\n","timestamp":"2017-07-19T17:07:13.230Z"}
{"level":"warning","message":"Trying to reconnect to: mpv.cdn3.bigCDN.com on port 5573.","timestamp":"2017-07-19T17:07:13.231Z"}
{"level":"info","message":"Config Updated","timestamp":"2017-07-19T17:07:37.754Z"}
{"level":"info","message":"Starting Stream","timestamp":"2017-07-19T17:07:37.779Z"}
{"level":"success","message":"Connected to the Master-Server.","timestamp":"2017-07-19T17:07:37.843Z"}
{"level":"info","message":"Attempting to create the SSH tunnels.","timestamp":"2017-07-19T17:07:37.844Z"}
{"level":"info","message":"Setting SSH ports to 10000 and 8081","timestamp":"2017-07-19T17:07:37.869Z"}
{"level":"success","message":"SSH tunnels are up and running.","timestamp":"2017-07-19T17:07:37.870Z"}
{"level":"success","message":"Started Stream","timestamp":"2017-07-19T17:07:37.906Z"}
{"level":"info","message":"Config Updated","timestamp":"2017-07-19T17:08:17.514Z"}
{"level":"warning","message":"Disconnected from the Master-Server.","timestamp":"2017-07-19T17:08:17.524Z"}
{"level":"success","message":"Connected to the Master-Server.","timestamp":"2017-07-19T17:08:17.545Z"}
{"level":"warning","message":"SSH is disconnected","timestamp":"2017-07-19T17:08:28.096Z"}
{"level":"info","message":"Config Updated","timestamp":"2017-07-19T17:08:53.515Z"}
{"level":"warning","message":"Disconnected from the Master-Server.","timestamp":"2017-07-19T17:08:53.520Z"}
{"level":"success","message":"Connected to the Master-Server.","timestamp":"2017-07-19T17:08:53.537Z"}
{"level":"info","message":"Attempting to create the SSH tunnels.","timestamp":"2017-07-19T17:08:53.537Z"}
{"level":"info","message":"Setting SSH ports to 10000 and 45393","timestamp":"2017-07-19T17:08:55.661Z"}
{"level":"success","message":"SSH tunnels are up and running.","timestamp":"2017-07-19T17:08:55.662Z"}
{"level":"danger","message":"An error has occured: Camera Disconnected\nSTDERR: ffmpeg version 3.3.2 Copyright (c) 2000-2017 the FFmpeg developers\n  built with gcc 7.1.1 (GCC) 20170516\n  configuration: --prefix=/usr --disable-debug --disable-static --disable-stripping --enable-avisynth --enable-avresample --enable-fontconfig --enable-gmp --enable-gnutls --enable-gpl --enable-ladspa --enable-libass --enable-libbluray --enable-libfreetype --enable-libfribidi --enable-libgsm --enable-libiec61883 --enable-libmodplug --enable-libmp3lame --enable-libopencore_amrnb --enable-libopencore_amrwb --enable-libopenjpeg --enable-libopus --enable-libpulse --enable-libschroedinger --enable-libsoxr --enable-libspeex --enable-libssh --enable-libtheora --enable-libv4l2 --enable-libvidstab --enable-libvorbis --enable-libvpx --enable-libwebp --enable-libx264 --enable-libx265 --enable-libxcb --enable-libxvid --enable-shared --enable-version3\n  libavutil      55. 58.100 / 55. 58.100\n  libavcodec     57. 89.100 / 57. 89.100\n  libavformat    57. 71.100 / 57. 71.100\n  libavdevice    57.  6.100 / 57.  6.100\n  libavfilter     6. 82.100 /  6. 82.100\n  libavresample   3.  5.  0 /  3.  5.  0\n  libswscale      4.  6.100 /  4.  6.100\n  libswresample   2.  7.100 /  2.  7.100\n  libpostproc    54.  5.100 / 54.  5.100\n[tcp @ 0x557b0cd37540] Connection to tcp://mpv.cdn3.bigCDN.com:5573?timeout=0 failed: Connection timed out\nrtsp://mpv.cdn3.bigCDN.com:5573/bigCDN/definst/mp4:bigbuckbunnyiphone_400.mp4: Connection timed out\n\n","timestamp":"2017-07-19T17:09:46.830Z"}
{"level":"warning","message":"Trying to reconnect to: mpv.cdn3.bigCDN.com on port 554.","timestamp":"2017-07-19T17:09:46.831Z"}
{"level":"info","message":"Starting Stream","timestamp":"2017-07-19T17:09:46.976Z"}
{"level":"success","message":"Started Stream","timestamp":"2017-07-19T17:09:46.987Z"}
{"level":"info","message":"Config Updated","timestamp":"2017-07-19T17:10:03.360Z"}
{"level":"warning","message":"Disconnected from the Master-Server.","timestamp":"2017-07-19T17:10:03.362Z"}
{"level":"success","message":"Connected to the Master-Server.","timestamp":"2017-07-19T17:10:03.378Z"}
{"level":"info","message":"Config Updated","timestamp":"2017-07-19T17:11:02.108Z"}
{"level":"info","message":"Starting Stream","timestamp":"2017-07-19T17:11:02.133Z"}
{"level":"success","message":"Connected to the Master-Server.","timestamp":"2017-07-19T17:11:02.201Z"}
{"level":"info","message":"Attempting to create the SSH tunnels.","timestamp":"2017-07-19T17:11:02.203Z"}
{"level":"success","message":"Started Stream","timestamp":"2017-07-19T17:11:02.266Z"}
{"level":"info","message":"Setting SSH ports to 10000 and 45393","timestamp":"2017-07-19T17:11:02.314Z"}
{"level":"success","message":"SSH tunnels are up and running.","timestamp":"2017-07-19T17:11:02.315Z"}
{"level":"info","message":"Config Updated","timestamp":"2017-07-19T17:11:59.930Z"}
{"level":"info","message":"Starting Stream","timestamp":"2017-07-19T17:11:59.962Z"}
{"level":"success","message":"Connected to the Master-Server.","timestamp":"2017-07-19T17:12:00.042Z"}
{"level":"info","message":"Attempting to create the SSH tunnels.","timestamp":"2017-07-19T17:12:00.043Z"}
{"level":"success","message":"Started Stream","timestamp":"2017-07-19T17:12:00.116Z"}
{"level":"info","message":"Setting SSH ports to 10000 and 45393","timestamp":"2017-07-19T17:12:00.156Z"}
{"level":"success","message":"SSH tunnels are up and running.","timestamp":"2017-07-19T17:12:00.157Z"}
{"level":"info","message":"Config Updated","timestamp":"2017-07-19T17:12:15.264Z"}
{"level":"warning","message":"Disconnected from the Master-Server.","timestamp":"2017-07-19T17:12:15.272Z"}
{"level":"success","message":"Connected to the Master-Server.","timestamp":"2017-07-19T17:12:15.297Z"}
{"level":"info","message":"Config Updated","timestamp":"2017-07-19T17:16:20.534Z"}
{"level":"info","message":"Starting Stream","timestamp":"2017-07-19T17:16:20.559Z"}
{"level":"success","message":"Connected to the Master-Server.","timestamp":"2017-07-19T17:16:20.625Z"}
{"level":"info","message":"Attempting to create the SSH tunnels.","timestamp":"2017-07-19T17:16:20.626Z"}
{"level":"success","message":"Started Stream","timestamp":"2017-07-19T17:16:20.677Z"}
{"level":"info","message":"Setting SSH ports to 10000 and 45393","timestamp":"2017-07-19T17:16:20.734Z"}
{"level":"success","message":"SSH tunnels are up and running.","timestamp":"2017-07-19T17:16:20.735Z"}
{"level":"info","message":"Config Updated","timestamp":"2017-07-19T17:16:58.853Z"}
{"level":"warning","message":"Disconnected from the Master-Server.","timestamp":"2017-07-19T17:16:58.865Z"}
{"level":"warning","message":"SSH is disconnected","timestamp":"2017-07-19T17:16:58.884Z"}
{"level":"info","message":"Attempting to create the SSH tunnels.","timestamp":"2017-07-19T17:16:58.885Z"}
{"level":"success","message":"Connected to the Master-Server.","timestamp":"2017-07-19T17:16:58.900Z"}
{"level":"info","message":"Setting SSH ports to 10000 and 43071","timestamp":"2017-07-19T17:17:01.015Z"}
{"level":"success","message":"SSH tunnels are up and running.","timestamp":"2017-07-19T17:17:01.016Z"}
{"level":"warning","message":"Although the times are hard, we will try to reconnect the SSH tunels once the connection to the SSH-Manager is regained!","timestamp":"2017-07-19T17:21:07.653Z"}
{"level":"danger","message":"An (SSH) error has occured: Connection to SSH-Manager lost!","timestamp":"2017-07-19T17:21:07.654Z"}
{"level":"info","message":"Config Updated","timestamp":"2017-07-19T17:21:51.937Z"}
{"level":"info","message":"Starting Stream","timestamp":"2017-07-19T17:21:51.962Z"}
{"level":"success","message":"Connected to the Master-Server.","timestamp":"2017-07-19T17:21:52.010Z"}
{"level":"info","message":"Config Updated","timestamp":"2017-07-19T17:22:18.188Z"}
{"level":"info","message":"Starting Stream","timestamp":"2017-07-19T17:22:18.214Z"}
{"level":"success","message":"Connected to the Master-Server.","timestamp":"2017-07-19T17:22:18.292Z"}
{"level":"info","message":"Attempting to create the SSH tunnels.","timestamp":"2017-07-19T17:22:18.293Z"}
{"level":"success","message":"Started Stream","timestamp":"2017-07-19T17:22:18.350Z"}
{"level":"warning","message":"Although the times are hard, we will try to reconnect the SSH tunels once the connection to the SSH-Manager is regained!","timestamp":"2017-07-19T17:22:18.726Z"}
{"level":"danger","message":"An (SSH) error has occured: Cannot connect to the SSH-Manager.","timestamp":"2017-07-19T17:22:18.728Z"}
{"level":"info","message":"Config Updated","timestamp":"2017-07-19T17:23:23.910Z"}
{"level":"info","message":"Starting Stream","timestamp":"2017-07-19T17:23:23.935Z"}
{"level":"success","message":"Connected to the Master-Server.","timestamp":"2017-07-19T17:23:23.993Z"}
{"level":"info","message":"Attempting to create the SSH tunnels.","timestamp":"2017-07-19T17:23:23.994Z"}
{"level":"success","message":"Started Stream","timestamp":"2017-07-19T17:23:24.059Z"}
{"level":"warning","message":"Although the times are hard, we will try to reconnect the SSH tunels once the connection to the SSH-Manager is regained!","timestamp":"2017-07-19T17:23:24.446Z"}
{"level":"danger","message":"An (SSH) error has occured: Cannot connect to the SSH-Manager.","timestamp":"2017-07-19T17:23:24.447Z"}
{"level":"info","message":"Attempting to create the SSH tunnels.","timestamp":"2017-07-19T17:23:29.459Z"}
{"level":"info","message":"Setting SSH ports to 10000 and 8081","timestamp":"2017-07-19T17:23:31.490Z"}
{"level":"success","message":"SSH tunnels are up and running.","timestamp":"2017-07-19T17:23:31.491Z"}
{"level":"warning","message":"SSH is disconnected","timestamp":"2017-07-19T17:23:35.290Z"}
{"level":"info","message":"Attempting to create the SSH tunnels.","timestamp":"2017-07-19T17:23:35.291Z"}
{"level":"info","message":"Setting SSH ports to 10000 and 8081","timestamp":"2017-07-19T17:23:37.304Z"}
{"level":"success","message":"SSH tunnels are up and running.","timestamp":"2017-07-19T17:23:37.304Z"}
{"level":"info","message":"Config Updated","timestamp":"2017-07-19T17:25:10.279Z"}
{"level":"info","message":"Starting Stream","timestamp":"2017-07-19T17:25:10.303Z"}
{"level":"success","message":"Connected to the Master-Server.","timestamp":"2017-07-19T17:25:10.366Z"}
{"level":"info","message":"Attempting to create the SSH tunnels.","timestamp":"2017-07-19T17:25:10.367Z"}
{"level":"success","message":"Started Stream","timestamp":"2017-07-19T17:25:10.434Z"}
{"level":"info","message":"Setting SSH ports to 10000 and 8081","timestamp":"2017-07-19T17:25:10.476Z"}
{"level":"success","message":"SSH tunnels are up and running.","timestamp":"2017-07-19T17:25:10.477Z"}
{"level":"info","message":"Config Updated","timestamp":"2017-07-19T17:25:24.369Z"}
{"level":"info","message":"Starting Stream","timestamp":"2017-07-19T17:25:24.393Z"}
{"level":"success","message":"Connected to the Master-Server.","timestamp":"2017-07-19T17:25:24.480Z"}
{"level":"info","message":"Attempting to create the SSH tunnels.","timestamp":"2017-07-19T17:25:24.481Z"}
{"level":"info","message":"Setting SSH ports to 10000 and 8081","timestamp":"2017-07-19T17:25:24.495Z"}
{"level":"success","message":"SSH tunnels are up and running.","timestamp":"2017-07-19T17:25:24.495Z"}
{"level":"success","message":"Started Stream","timestamp":"2017-07-19T17:25:24.526Z"}
{"level":"info","message":"Config Updated","timestamp":"2017-07-19T17:25:47.835Z"}
{"level":"info","message":"Starting Stream","timestamp":"2017-07-19T17:25:47.865Z"}
{"level":"success","message":"Connected to the Master-Server.","timestamp":"2017-07-19T17:25:47.937Z"}
{"level":"info","message":"Attempting to create the SSH tunnels.","timestamp":"2017-07-19T17:25:47.938Z"}
{"level":"success","message":"Started Stream","timestamp":"2017-07-19T17:25:48.007Z"}
{"level":"info","message":"Setting SSH ports to 10000 and 8081","timestamp":"2017-07-19T17:25:48.049Z"}
{"level":"success","message":"SSH tunnels are up and running.","timestamp":"2017-07-19T17:25:48.049Z"}
{"level":"info","message":"Config Updated","timestamp":"2017-07-19T17:26:40.872Z"}
{"level":"info","message":"Starting Stream","timestamp":"2017-07-19T17:26:40.896Z"}
{"level":"success","message":"Connected to the Master-Server.","timestamp":"2017-07-19T17:26:40.957Z"}
{"level":"info","message":"Attempting to create the SSH tunnels.","timestamp":"2017-07-19T17:26:40.958Z"}
{"level":"success","message":"Started Stream","timestamp":"2017-07-19T17:26:41.019Z"}
{"level":"info","message":"Setting SSH ports to 10000 and 8081","timestamp":"2017-07-19T17:26:41.065Z"}
{"level":"success","message":"SSH tunnels are up and running.","timestamp":"2017-07-19T17:26:41.065Z"}
{"level":"info","message":"Config Updated","timestamp":"2017-07-19T17:27:13.233Z"}
{"level":"info","message":"Starting Stream","timestamp":"2017-07-19T17:27:13.266Z"}
{"level":"success","message":"Connected to the Master-Server.","timestamp":"2017-07-19T17:27:13.343Z"}
{"level":"info","message":"Attempting to create the SSH tunnels.","timestamp":"2017-07-19T17:27:13.344Z"}
{"level":"success","message":"Started Stream","timestamp":"2017-07-19T17:27:13.417Z"}
{"level":"info","message":"Setting SSH ports to 10000 and 8081","timestamp":"2017-07-19T17:27:13.452Z"}
{"level":"success","message":"SSH tunnels are up and running.","timestamp":"2017-07-19T17:27:13.452Z"}
{"level":"info","message":"Config Updated","timestamp":"2017-07-19T17:27:30.030Z"}
{"level":"info","message":"Starting Stream","timestamp":"2017-07-19T17:27:30.054Z"}
{"level":"success","message":"Connected to the Master-Server.","timestamp":"2017-07-19T17:27:30.130Z"}
{"level":"info","message":"Attempting to create the SSH tunnels.","timestamp":"2017-07-19T17:27:30.131Z"}
{"level":"success","message":"Started Stream","timestamp":"2017-07-19T17:27:30.160Z"}
{"level":"info","message":"Setting SSH ports to 10000 and 8081","timestamp":"2017-07-19T17:27:30.238Z"}
{"level":"success","message":"SSH tunnels are up and running.","timestamp":"2017-07-19T17:27:30.239Z"}
{"level":"info","message":"Config Updated","timestamp":"2017-07-19T17:29:11.389Z"}
{"level":"info","message":"Starting Stream","timestamp":"2017-07-19T17:29:11.413Z"}
{"level":"success","message":"Connected to the Master-Server.","timestamp":"2017-07-19T17:29:11.474Z"}
{"level":"info","message":"Attempting to create the SSH tunnels.","timestamp":"2017-07-19T17:29:11.475Z"}
{"level":"success","message":"Started Stream","timestamp":"2017-07-19T17:29:11.544Z"}
{"level":"info","message":"Setting SSH ports to 10000 and 8081","timestamp":"2017-07-19T17:29:11.587Z"}
{"level":"success","message":"SSH tunnels are up and running.","timestamp":"2017-07-19T17:29:11.587Z"}
{"level":"info","message":"Config Updated","timestamp":"2017-07-19T17:30:31.537Z"}
{"level":"info","message":"Starting Stream","timestamp":"2017-07-19T17:30:31.568Z"}
{"level":"success","message":"Connected to the Master-Server.","timestamp":"2017-07-19T17:30:31.635Z"}
{"level":"info","message":"Attempting to create the SSH tunnels.","timestamp":"2017-07-19T17:30:31.637Z"}
{"level":"success","message":"Started Stream","timestamp":"2017-07-19T17:30:31.700Z"}
{"level":"info","message":"Setting SSH ports to 10000 and 8081","timestamp":"2017-07-19T17:30:31.743Z"}
{"level":"success","message":"SSH tunnels are up and running.","timestamp":"2017-07-19T17:30:31.744Z"}
{"level":"info","message":"Config Updated","timestamp":"2017-07-19T17:30:40.591Z"}
{"level":"warning","message":"Disconnected from the Master-Server.","timestamp":"2017-07-19T17:30:40.602Z"}
{"level":"warning","message":"SSH is disconnected","timestamp":"2017-07-19T17:30:40.611Z"}
{"level":"info","message":"Attempting to create the SSH tunnels.","timestamp":"2017-07-19T17:30:40.611Z"}
{"level":"success","message":"Connected to the Master-Server.","timestamp":"2017-07-19T17:30:40.633Z"}
{"level":"info","message":"Setting SSH ports to 10000 and 8081","timestamp":"2017-07-19T17:30:42.747Z"}
{"level":"success","message":"SSH tunnels are up and running.","timestamp":"2017-07-19T17:30:42.747Z"}
{"level":"info","message":"Config Updated","timestamp":"2017-07-19T17:36:03.880Z"}
{"level":"info","message":"Starting Stream","timestamp":"2017-07-19T17:36:03.904Z"}
{"level":"success","message":"Connected to the Master-Server.","timestamp":"2017-07-19T17:36:03.965Z"}
{"level":"info","message":"Attempting to create the SSH tunnels.","timestamp":"2017-07-19T17:36:03.966Z"}
{"level":"info","message":"Setting SSH ports to 10000 and 8081","timestamp":"2017-07-19T17:36:03.988Z"}
{"level":"success","message":"SSH tunnels are up and running.","timestamp":"2017-07-19T17:36:03.988Z"}
{"level":"success","message":"Started Stream","timestamp":"2017-07-19T17:36:04.018Z"}
{"level":"info","message":"Config Updated","timestamp":"2017-07-19T17:38:21.296Z"}
{"level":"warning","message":"Disconnected from the Master-Server.","timestamp":"2017-07-19T17:41:07.305Z"}
{"level":"warning","message":"SSH is disconnected","timestamp":"2017-07-19T17:41:07.356Z"}
{"level":"info","message":"Attempting to create the SSH tunnels.","timestamp":"2017-07-19T17:41:07.359Z"}
{"level":"danger","message":"An error has occured: YoutTube Disconnected\nSTDERR: frame= 5474 fps= 24 q=-1.0 size=    9607kB time=00:03:48.00 bitrate= 345.2kbits/s speed=1.01x    \nframe= 5486 fps= 24 q=-1.0 size=    9621kB time=00:03:48.50 bitrate= 344.9kbits/s speed=1.01x    \nframe= 5498 fps= 24 q=-1.0 size=    9632kB time=00:03:49.00 bitrate= 344.6kbits/s speed=1.01x    \nframe= 5510 fps= 24 q=-1.0 size=    9647kB time=00:03:49.50 bitrate= 344.4kbits/s speed=1.01x    \nframe= 5523 fps= 24 q=-1.0 size=    9680kB time=00:03:50.04 bitrate= 344.7kbits/s speed=1.01x    \nframe= 5534 fps= 24 q=-1.0 size=    9714kB time=00:03:50.50 bitrate= 345.2kbits/s speed=1.01x    \nframe= 5545 fps= 24 q=-1.0 size=    9722kB time=00:03:50.95 bitrate= 344.8kbits/s speed=1.01x    \nframe= 5558 fps= 24 q=-1.0 size=    9728kB time=00:03:51.50 bitrate= 344.2kbits/s speed=1.01x    \nframe= 5570 fps= 24 q=-1.0 size=    9738kB time=00:03:52.00 bitrate= 343.9kbits/s speed=1.01x    \nframe= 5582 fps= 24 q=-1.0 size=    9745kB time=00:03:52.50 bitrate= 343.4kbits/s speed=1.01x    \nframe= 5582 fps= 19 q=-1.0 size=    9746kB time=00:03:52.50 bitrate= 343.4kbits/s speed=0.799x    \nav_interleaved_write_frame(): Broken pipe\n[flv @ 0x5640d81ce980] Failed to update header with correct duration.\n[flv @ 0x5640d81ce980] Failed to update header with correct filesize.\nError writing trailer of rtmp://a.rtmp.youtube.com/live2/upjm-kz0g-c3wt-7zuj: Broken pipe\nframe= 5604 fps= 19 q=-1.0 Lsize=    9804kB time=00:03:53.41 bitrate= 344.1kbits/s speed=0.802x    \nvideo:7808kB audio:1823kB subtitle:0kB other streams:0kB global headers:0kB muxing overhead: 1.803781%\nConversion failed!\n\n","timestamp":"2017-07-19T17:41:07.391Z"}
{"level":"warning","message":"Trying to reconnect to: a.rtmp.youtube.com/live2/ on port 1935.","timestamp":"2017-07-19T17:41:07.392Z"}
{"level":"success","message":"Connected to the Master-Server.","timestamp":"2017-07-19T17:41:07.406Z"}
{"level":"info","message":"Starting Stream","timestamp":"2017-07-19T17:41:07.516Z"}
{"level":"success","message":"Started Stream","timestamp":"2017-07-19T17:41:07.530Z"}
{"level":"info","message":"Setting SSH ports to 10000 and 8081","timestamp":"2017-07-19T17:41:09.429Z"}
{"level":"success","message":"SSH tunnels are up and running.","timestamp":"2017-07-19T17:41:09.429Z"}
{"level":"info","message":"Config Updated","timestamp":"2017-07-19T17:41:21.546Z"}
{"level":"info","message":"Starting Stream","timestamp":"2017-07-19T17:41:21.571Z"}
{"level":"success","message":"Connected to the Master-Server.","timestamp":"2017-07-19T17:41:21.632Z"}
{"level":"info","message":"Attempting to create the SSH tunnels.","timestamp":"2017-07-19T17:41:21.633Z"}
{"level":"info","message":"Setting SSH ports to 10000 and 8081","timestamp":"2017-07-19T17:41:21.661Z"}
{"level":"success","message":"SSH tunnels are up and running.","timestamp":"2017-07-19T17:41:21.662Z"}
{"level":"success","message":"Started Stream","timestamp":"2017-07-19T17:41:21.698Z"}
{"level":"info","message":"Config Updated","timestamp":"2017-07-19T17:42:42.965Z"}
{"level":"warning","message":"Disconnected from the Master-Server.","timestamp":"2017-07-19T17:43:55.471Z"}
{"level":"warning","message":"SSH is disconnected","timestamp":"2017-07-19T17:43:55.520Z"}
{"level":"info","message":"Attempting to create the SSH tunnels.","timestamp":"2017-07-19T17:43:55.521Z"}
{"level":"success","message":"Connected to the Master-Server.","timestamp":"2017-07-19T17:43:55.552Z"}
{"level":"info","message":"Config Updated","timestamp":"2017-07-19T17:44:41.975Z"}
{"level":"info","message":"Starting Stream","timestamp":"2017-07-19T17:44:42.000Z"}
{"level":"success","message":"Connected to the Master-Server.","timestamp":"2017-07-19T17:44:42.062Z"}
{"level":"info","message":"Attempting to create the SSH tunnels.","timestamp":"2017-07-19T17:44:42.063Z"}
{"level":"success","message":"Started Stream","timestamp":"2017-07-19T17:44:42.115Z"}
{"level":"info","message":"Setting SSH ports to 10000 and 8081","timestamp":"2017-07-19T17:44:42.169Z"}
{"level":"success","message":"SSH tunnels are up and running.","timestamp":"2017-07-19T17:44:42.169Z"}
{"level":"info","message":"Config Updated","timestamp":"2017-07-19T17:45:02.050Z"}
{"level":"warning","message":"Disconnected from the Master-Server.","timestamp":"2017-07-19T17:45:02.076Z"}
{"level":"warning","message":"SSH is disconnected","timestamp":"2017-07-19T17:45:02.116Z"}
{"level":"info","message":"Attempting to create the SSH tunnels.","timestamp":"2017-07-19T17:45:02.117Z"}
{"level":"success","message":"Connected to the Master-Server.","timestamp":"2017-07-19T17:45:02.144Z"}
{"level":"info","message":"Setting SSH ports to 10000 and 8081","timestamp":"2017-07-19T17:45:04.163Z"}
{"level":"success","message":"SSH tunnels are up and running.","timestamp":"2017-07-19T17:45:04.163Z"}
{"level":"info","message":"Config Updated","timestamp":"2017-07-19T17:45:59.807Z"}
{"level":"warning","message":"Disconnected from the Master-Server.","timestamp":"2017-07-19T17:47:57.395Z"}
{"level":"warning","message":"SSH is disconnected","timestamp":"2017-07-19T17:47:57.436Z"}
{"level":"info","message":"Attempting to create the SSH tunnels.","timestamp":"2017-07-19T17:47:57.437Z"}
{"level":"success","message":"Connected to the Master-Server.","timestamp":"2017-07-19T17:47:57.467Z"}
{"level":"info","message":"Setting SSH ports to 10000 and 8081","timestamp":"2017-07-19T17:47:59.585Z"}
{"level":"success","message":"SSH tunnels are up and running.","timestamp":"2017-07-19T17:47:59.586Z"}
{"level":"info","message":"Config Updated","timestamp":"2017-07-19T17:52:38.408Z"}
{"level":"info","message":"Starting Stream","timestamp":"2017-07-19T17:52:38.439Z"}
{"level":"success","message":"Connected to the Master-Server.","timestamp":"2017-07-19T17:52:38.522Z"}
{"level":"info","message":"Attempting to create the SSH tunnels.","timestamp":"2017-07-19T17:52:38.523Z"}
{"level":"success","message":"Started Stream","timestamp":"2017-07-19T17:52:38.563Z"}
{"level":"info","message":"Setting SSH ports to 10000 and 8081","timestamp":"2017-07-19T17:52:38.635Z"}
{"level":"success","message":"SSH tunnels are up and running.","timestamp":"2017-07-19T17:52:38.635Z"}
{"level":"info","message":"Config Updated","timestamp":"2017-07-19T17:52:50.421Z"}
{"level":"info","message":"Starting Stream","timestamp":"2017-07-19T17:52:50.446Z"}
{"level":"success","message":"Connected to the Master-Server.","timestamp":"2017-07-19T17:52:50.502Z"}
{"level":"info","message":"Attempting to create the SSH tunnels.","timestamp":"2017-07-19T17:52:50.503Z"}
{"level":"success","message":"Started Stream","timestamp":"2017-07-19T17:52:50.565Z"}
{"level":"info","message":"Setting SSH ports to 10000 and 8081","timestamp":"2017-07-19T17:52:50.611Z"}
{"level":"success","message":"SSH tunnels are up and running.","timestamp":"2017-07-19T17:52:50.611Z"}
{"level":"info","message":"Config Updated","timestamp":"2017-07-19T17:52:57.816Z"}
{"level":"warning","message":"SSH is disconnected","timestamp":"2017-07-19T17:52:57.830Z"}
{"level":"info","message":"Attempting to create the SSH tunnels.","timestamp":"2017-07-19T17:52:57.830Z"}
{"level":"info","message":"Setting SSH ports to 10000 and 8081","timestamp":"2017-07-19T17:52:59.847Z"}
{"level":"success","message":"SSH tunnels are up and running.","timestamp":"2017-07-19T17:52:59.847Z"}
{"level":"info","message":"Config Updated","timestamp":"2017-07-19T17:53:47.588Z"}
{"level":"info","message":"Config Updated","timestamp":"2017-07-19T18:03:02.581Z"}
{"level":"info","message":"Starting Stream","timestamp":"2017-07-19T18:03:02.606Z"}
{"level":"success","message":"Connected to the Master-Server.","timestamp":"2017-07-19T18:03:02.665Z"}
{"level":"info","message":"Attempting to create the SSH tunnels.","timestamp":"2017-07-19T18:03:02.666Z"}
{"level":"success","message":"Started Stream","timestamp":"2017-07-19T18:03:02.737Z"}
{"level":"info","message":"Setting SSH ports to 10000 and 41969","timestamp":"2017-07-19T18:03:03.782Z"}
{"level":"success","message":"SSH tunnels are up and running.","timestamp":"2017-07-19T18:03:03.783Z"}
{"level":"info","message":"Config Updated","timestamp":"2017-07-19T18:03:53.770Z"}
{"level":"info","message":"Config Updated","timestamp":"2017-07-19T18:04:07.117Z"}
{"level":"danger","message":"An error has occured: Camera Disconnected\nSTDERR: ffmpeg version 3.3.2 Copyright (c) 2000-2017 the FFmpeg developers\n  built with gcc 7.1.1 (GCC) 20170516\n  configuration: --prefix=/usr --disable-debug --disable-static --disable-stripping --enable-avisynth --enable-avresample --enable-fontconfig --enable-gmp --enable-gnutls --enable-gpl --enable-ladspa --enable-libass --enable-libbluray --enable-libfreetype --enable-libfribidi --enable-libgsm --enable-libiec61883 --enable-libmodplug --enable-libmp3lame --enable-libopencore_amrnb --enable-libopencore_amrwb --enable-libopenjpeg --enable-libopus --enable-libpulse --enable-libschroedinger --enable-libsoxr --enable-libspeex --enable-libssh --enable-libtheora --enable-libv4l2 --enable-libvidstab --enable-libvorbis --enable-libvpx --enable-libwebp --enable-libx264 --enable-libx265 --enable-libxcb --enable-libxvid --enable-shared --enable-version3\n  libavutil      55. 58.100 / 55. 58.100\n  libavcodec     57. 89.100 / 57. 89.100\n  libavformat    57. 71.100 / 57. 71.100\n  libavdevice    57.  6.100 / 57.  6.100\n  libavfilter     6. 82.100 /  6. 82.100\n  libavresample   3.  5.  0 /  3.  5.  0\n  libswscale      4.  6.100 /  4.  6.100\n  libswresample   2.  7.100 /  2.  7.100\n  libpostproc    54.  5.100 / 54.  5.100\n[tcp @ 0x561947db3540] Connection to tcp://mpv.cdn3.bigCDN.com:5544?timeout=0 failed: Connection timed out\nrtsp://mpv.cdn3.bigCDN.com:5544/bigCDN/definst/mp4:bigbuckbunnyiphone_400.mp4: Connection timed out\n\n","timestamp":"2017-07-19T18:05:13.123Z"}
{"level":"warning","message":"Trying to reconnect to: mpv.cdn3.bigCDN.com on port 5546.","timestamp":"2017-07-19T18:05:13.125Z"}
{"level":"info","message":"Config Updated","timestamp":"2017-07-19T18:08:07.186Z"}
{"level":"info","message":"Config Updated","timestamp":"2017-07-19T18:09:53.358Z"}
{"level":"info","message":"Starting Stream","timestamp":"2017-07-19T18:09:53.382Z"}
{"level":"success","message":"Connected to the Master-Server.","timestamp":"2017-07-19T18:09:53.459Z"}
{"level":"info","message":"Attempting to create the SSH tunnels.","timestamp":"2017-07-19T18:09:53.460Z"}
{"level":"success","message":"Started Stream","timestamp":"2017-07-19T18:09:53.495Z"}
{"level":"info","message":"Setting SSH ports to 10000 and 8081","timestamp":"2017-07-19T18:09:53.570Z"}
{"level":"success","message":"SSH tunnels are up and running.","timestamp":"2017-07-19T18:09:53.570Z"}
{"level":"info","message":"Config Updated","timestamp":"2017-07-19T18:09:58.961Z"}
{"level":"warning","message":"Disconnected from the Master-Server.","timestamp":"2017-07-19T18:09:58.968Z"}
{"level":"success","message":"Connected to the Master-Server.","timestamp":"2017-07-19T18:09:58.994Z"}
{"level":"info","message":"Config Updated","timestamp":"2017-07-19T18:11:37.267Z"}
{"level":"info","message":"Starting Stream","timestamp":"2017-07-19T18:11:37.291Z"}
{"level":"success","message":"Connected to the Master-Server.","timestamp":"2017-07-19T18:11:37.354Z"}
{"level":"info","message":"Attempting to create the SSH tunnels.","timestamp":"2017-07-19T18:11:37.355Z"}
{"level":"success","message":"Started Stream","timestamp":"2017-07-19T18:11:37.423Z"}
{"level":"info","message":"Setting SSH ports to 10000 and 41969","timestamp":"2017-07-19T18:11:37.467Z"}
{"level":"success","message":"SSH tunnels are up and running.","timestamp":"2017-07-19T18:11:37.467Z"}
{"level":"info","message":"Config Updated","timestamp":"2017-07-19T18:11:43.512Z"}
{"level":"danger","message":"An error has occured: Camera Disconnected\nSTDERR: ffmpeg version 3.3.2 Copyright (c) 2000-2017 the FFmpeg developers\n  built with gcc 7.1.1 (GCC) 20170516\n  configuration: --prefix=/usr --disable-debug --disable-static --disable-stripping --enable-avisynth --enable-avresample --enable-fontconfig --enable-gmp --enable-gnutls --enable-gpl --enable-ladspa --enable-libass --enable-libbluray --enable-libfreetype --enable-libfribidi --enable-libgsm --enable-libiec61883 --enable-libmodplug --enable-libmp3lame --enable-libopencore_amrnb --enable-libopencore_amrwb --enable-libopenjpeg --enable-libopus --enable-libpulse --enable-libschroedinger --enable-libsoxr --enable-libspeex --enable-libssh --enable-libtheora --enable-libv4l2 --enable-libvidstab --enable-libvorbis --enable-libvpx --enable-libwebp --enable-libx264 --enable-libx265 --enable-libxcb --enable-libxvid --enable-shared --enable-version3\n  libavutil      55. 58.100 / 55. 58.100\n  libavcodec     57. 89.100 / 57. 89.100\n  libavformat    57. 71.100 / 57. 71.100\n  libavdevice    57.  6.100 / 57.  6.100\n  libavfilter     6. 82.100 /  6. 82.100\n  libavresample   3.  5.  0 /  3.  5.  0\n  libswscale      4.  6.100 /  4.  6.100\n  libswresample   2.  7.100 /  2.  7.100\n  libpostproc    54.  5.100 / 54.  5.100\n[tcp @ 0x564d7690f540] Connection to tcp://mpv.cdn3.bigCDN.com:5544?timeout=0 failed: Connection timed out\nrtsp://mpv.cdn3.bigCDN.com:5544/bigCDN/definst/mp4:bigbuckbunnyiphone_400.mp4: Connection timed out\n\n","timestamp":"2017-07-19T18:13:46.829Z"}
{"level":"warning","message":"Trying to reconnect to: mpv.cdn3.bigCDN.com on port 554.","timestamp":"2017-07-19T18:13:46.830Z"}
{"level":"info","message":"Starting Stream","timestamp":"2017-07-19T18:13:46.959Z"}
{"level":"success","message":"Started Stream","timestamp":"2017-07-19T18:13:46.964Z"}
{"level":"danger","message":"An error has occured: Camera Disconnected\nSTDERR: ffmpeg version 3.3.2 Copyright (c) 2000-2017 the FFmpeg developers\n  built with gcc 7.1.1 (GCC) 20170516\n  configuration: --prefix=/usr --disable-debug --disable-static --disable-stripping --enable-avisynth --enable-avresample --enable-fontconfig --enable-gmp --enable-gnutls --enable-gpl --enable-ladspa --enable-libass --enable-libbluray --enable-libfreetype --enable-libfribidi --enable-libgsm --enable-libiec61883 --enable-libmodplug --enable-libmp3lame --enable-libopencore_amrnb --enable-libopencore_amrwb --enable-libopenjpeg --enable-libopus --enable-libpulse --enable-libschroedinger --enable-libsoxr --enable-libspeex --enable-libssh --enable-libtheora --enable-libv4l2 --enable-libvidstab --enable-libvorbis --enable-libvpx --enable-libwebp --enable-libx264 --enable-libx265 --enable-libxcb --enable-libxvid --enable-shared --enable-version3\n  libavutil      55. 58.100 / 55. 58.100\n  libavcodec     57. 89.100 / 57. 89.100\n  libavformat    57. 71.100 / 57. 71.100\n  libavdevice    57.  6.100 / 57.  6.100\n  libavfilter     6. 82.100 /  6. 82.100\n  libavresample   3.  5.  0 /  3.  5.  0\n  libswscale      4.  6.100 /  4.  6.100\n  libswresample   2.  7.100 /  2.  7.100\n  libpostproc    54.  5.100 / 54.  5.100\n[tcp @ 0x5589dd82b540] Connection to tcp://mpv.cdn3.bigCDN.com:5544?timeout=0 failed: Connection timed out\nrtsp://mpv.cdn3.bigCDN.com:5544/bigCDN/definst/mp4:bigbuckbunnyiphone_400.mp4: Connection timed out\n\n","timestamp":"2017-07-19T18:15:56.534Z"}
{"level":"warning","message":"Trying to reconnect to: mpv.cdn3.bigCDN.com on port 554.","timestamp":"2017-07-19T18:15:56.541Z"}
{"level":"info","message":"Starting Stream","timestamp":"2017-07-19T18:16:01.733Z"}
{"level":"success","message":"Started Stream","timestamp":"2017-07-19T18:16:01.738Z"}
{"level":"danger","message":"An error has occured: Camera Disconnected\nSTDERR: ffmpeg version 3.3.2 Copyright (c) 2000-2017 the FFmpeg developers\n  built with gcc 7.1.1 (GCC) 20170516\n  configuration: --prefix=/usr --disable-debug --disable-static --disable-stripping --enable-avisynth --enable-avresample --enable-fontconfig --enable-gmp --enable-gnutls --enable-gpl --enable-ladspa --enable-libass --enable-libbluray --enable-libfreetype --enable-libfribidi --enable-libgsm --enable-libiec61883 --enable-libmodplug --enable-libmp3lame --enable-libopencore_amrnb --enable-libopencore_amrwb --enable-libopenjpeg --enable-libopus --enable-libpulse --enable-libschroedinger --enable-libsoxr --enable-libspeex --enable-libssh --enable-libtheora --enable-libv4l2 --enable-libvidstab --enable-libvorbis --enable-libvpx --enable-libwebp --enable-libx264 --enable-libx265 --enable-libxcb --enable-libxvid --enable-shared --enable-version3\n  libavutil      55. 58.100 / 55. 58.100\n  libavcodec     57. 89.100 / 57. 89.100\n  libavformat    57. 71.100 / 57. 71.100\n  libavdevice    57.  6.100 / 57.  6.100\n  libavfilter     6. 82.100 /  6. 82.100\n  libavresample   3.  5.  0 /  3.  5.  0\n  libswscale      4.  6.100 /  4.  6.100\n  libswresample   2.  7.100 /  2.  7.100\n  libpostproc    54.  5.100 / 54.  5.100\n[tcp @ 0x558620a74540] Connection to tcp://mpv.cdn3.bigCDN.com:5544?timeout=0 failed: Connection timed out\nrtsp://mpv.cdn3.bigCDN.com:5544/bigCDN/definst/mp4:bigbuckbunnyiphone_400.mp4: Connection timed out\n\n","timestamp":"2017-07-19T18:18:11.361Z"}
{"level":"warning","message":"Trying to reconnect to: mpv.cdn3.bigCDN.com on port 554.","timestamp":"2017-07-19T18:18:11.362Z"}
{"level":"info","message":"Starting Stream","timestamp":"2017-07-19T18:18:11.541Z"}
{"level":"success","message":"Started Stream","timestamp":"2017-07-19T18:18:11.545Z"}
{"level":"warning","message":"Disconnected from the Master-Server.","timestamp":"2017-07-19T18:19:20.521Z"}
{"level":"info","message":"Config Updated","timestamp":"2017-07-19T18:19:22.990Z"}
{"level":"info","message":"Starting Stream","timestamp":"2017-07-19T18:19:23.015Z"}
{"level":"success","message":"Started Stream","timestamp":"2017-07-19T18:19:23.125Z"}
{"level":"success","message":"Connected to the Master-Server.","timestamp":"2017-07-19T18:19:25.936Z"}
{"level":"info","message":"Attempting to create the SSH tunnels.","timestamp":"2017-07-19T18:19:25.937Z"}
{"level":"info","message":"Setting SSH ports to 10000 and 8081","timestamp":"2017-07-19T18:19:26.054Z"}
{"level":"success","message":"SSH tunnels are up and running.","timestamp":"2017-07-19T18:19:26.054Z"}
{"level":"info","message":"Config Updated","timestamp":"2017-07-19T18:21:13.532Z"}
{"level":"info","message":"Starting Stream","timestamp":"2017-07-19T18:21:13.564Z"}
{"level":"success","message":"Connected to the Master-Server.","timestamp":"2017-07-19T18:21:13.648Z"}
{"level":"info","message":"Attempting to create the SSH tunnels.","timestamp":"2017-07-19T18:21:13.649Z"}
{"level":"info","message":"Setting SSH ports to 10000 and 8081","timestamp":"2017-07-19T18:21:13.676Z"}
{"level":"success","message":"SSH tunnels are up and running.","timestamp":"2017-07-19T18:21:13.677Z"}
{"level":"success","message":"Started Stream","timestamp":"2017-07-19T18:21:13.713Z"}
{"level":"warning","message":"Disconnected from the Master-Server.","timestamp":"2017-07-19T18:21:21.525Z"}
{"level":"success","message":"Connected to the Master-Server.","timestamp":"2017-07-19T18:21:22.960Z"}
{"level":"info","message":"Config Updated","timestamp":"2017-07-19T18:21:34.106Z"}
{"level":"info","message":"Config Updated","timestamp":"2017-07-19T18:22:12.365Z"}
{"level":"info","message":"Starting Stream","timestamp":"2017-07-19T18:22:12.389Z"}
{"level":"success","message":"Connected to the Master-Server.","timestamp":"2017-07-19T18:22:12.455Z"}
{"level":"info","message":"Attempting to create the SSH tunnels.","timestamp":"2017-07-19T18:22:12.456Z"}
{"level":"info","message":"Setting SSH ports to 10000 and 8081","timestamp":"2017-07-19T18:22:12.479Z"}
{"level":"success","message":"SSH tunnels are up and running.","timestamp":"2017-07-19T18:22:12.480Z"}
{"level":"success","message":"Started Stream","timestamp":"2017-07-19T18:22:12.521Z"}
{"level":"warning","message":"Disconnected from the Master-Server.","timestamp":"2017-07-19T18:22:40.864Z"}
{"level":"info","message":"Config Updated","timestamp":"2017-07-19T18:26:30.618Z"}
{"level":"info","message":"Starting Stream","timestamp":"2017-07-19T18:26:30.642Z"}
{"level":"success","message":"Started Stream","timestamp":"2017-07-19T18:26:30.747Z"}
{"level":"success","message":"Connected to the Master-Server.","timestamp":"2017-07-19T18:26:33.750Z"}
{"level":"info","message":"Attempting to create the SSH tunnels.","timestamp":"2017-07-19T18:26:33.751Z"}
{"level":"info","message":"Setting SSH ports to 10000 and 8081","timestamp":"2017-07-19T18:26:33.867Z"}
{"level":"success","message":"SSH tunnels are up and running.","timestamp":"2017-07-19T18:26:33.868Z"}
{"level":"info","message":"Config Updated","timestamp":"2017-07-19T18:26:45.741Z"}
{"level":"info","message":"Starting Stream","timestamp":"2017-07-19T18:26:45.766Z"}
{"level":"success","message":"Connected to the Master-Server.","timestamp":"2017-07-19T18:26:45.834Z"}
{"level":"info","message":"Attempting to create the SSH tunnels.","timestamp":"2017-07-19T18:26:45.835Z"}
{"level":"success","message":"Started Stream","timestamp":"2017-07-19T18:26:45.891Z"}
{"level":"info","message":"Setting SSH ports to 10000 and 8081","timestamp":"2017-07-19T18:26:45.945Z"}
{"level":"success","message":"SSH tunnels are up and running.","timestamp":"2017-07-19T18:26:45.945Z"}
{"level":"info","message":"Config Updated","timestamp":"2017-07-19T18:28:07.342Z"}
{"level":"info","message":"Starting Stream","timestamp":"2017-07-19T18:28:07.366Z"}
{"level":"success","message":"Connected to the Master-Server.","timestamp":"2017-07-19T18:28:07.439Z"}
{"level":"info","message":"Attempting to create the SSH tunnels.","timestamp":"2017-07-19T18:28:07.440Z"}
{"level":"success","message":"Started Stream","timestamp":"2017-07-19T18:28:07.478Z"}
{"level":"info","message":"Setting SSH ports to 10000 and 8081","timestamp":"2017-07-19T18:28:07.550Z"}
{"level":"success","message":"SSH tunnels are up and running.","timestamp":"2017-07-19T18:28:07.550Z"}
{"level":"info","message":"Config Updated","timestamp":"2017-07-19T18:28:13.009Z"}
{"level":"info","message":"Config Updated","timestamp":"2017-07-19T18:30:18.057Z"}
{"level":"info","message":"Starting Stream","timestamp":"2017-07-19T18:30:18.082Z"}
{"level":"success","message":"Connected to the Master-Server.","timestamp":"2017-07-19T18:30:18.144Z"}
{"level":"info","message":"Attempting to create the SSH tunnels.","timestamp":"2017-07-19T18:30:18.145Z"}
{"level":"success","message":"Started Stream","timestamp":"2017-07-19T18:30:18.220Z"}
{"level":"info","message":"Setting SSH ports to 10000 and 37455","timestamp":"2017-07-19T18:30:19.176Z"}
{"level":"success","message":"SSH tunnels are up and running.","timestamp":"2017-07-19T18:30:19.176Z"}
{"level":"info","message":"Config Updated","timestamp":"2017-07-19T18:30:25.569Z"}
{"level":"warning","message":"Disconnected from the Master-Server.","timestamp":"2017-07-19T18:30:25.584Z"}
{"level":"success","message":"Connected to the Master-Server.","timestamp":"2017-07-19T18:30:25.609Z"}
{"level":"info","message":"Config Updated","timestamp":"2017-07-19T18:31:42.833Z"}
{"level":"info","message":"Starting Stream","timestamp":"2017-07-19T18:31:42.860Z"}
{"level":"success","message":"Connected to the Master-Server.","timestamp":"2017-07-19T18:31:42.924Z"}
{"level":"info","message":"Attempting to create the SSH tunnels.","timestamp":"2017-07-19T18:31:42.925Z"}
{"level":"success","message":"Started Stream","timestamp":"2017-07-19T18:31:42.993Z"}
{"level":"info","message":"Setting SSH ports to 10000 and 37597","timestamp":"2017-07-19T18:31:44.043Z"}
{"level":"success","message":"SSH tunnels are up and running.","timestamp":"2017-07-19T18:31:44.044Z"}
{"level":"info","message":"Config Updated","timestamp":"2017-07-19T18:31:50.736Z"}
{"level":"info","message":"Config Updated","timestamp":"2017-07-19T18:32:07.290Z"}
{"level":"info","message":"Starting Stream","timestamp":"2017-07-19T18:32:07.314Z"}
{"level":"success","message":"Connected to the Master-Server.","timestamp":"2017-07-19T18:32:07.378Z"}
{"level":"info","message":"Attempting to create the SSH tunnels.","timestamp":"2017-07-19T18:32:07.380Z"}
{"level":"success","message":"Started Stream","timestamp":"2017-07-19T18:32:07.439Z"}
{"level":"info","message":"Setting SSH ports to 10000 and 43737","timestamp":"2017-07-19T18:32:08.412Z"}
{"level":"success","message":"SSH tunnels are up and running.","timestamp":"2017-07-19T18:32:08.412Z"}
{"level":"info","message":"Config Updated","timestamp":"2017-07-19T18:32:20.897Z"}
{"level":"info","message":"Starting Stream","timestamp":"2017-07-19T18:32:20.923Z"}
{"level":"success","message":"Connected to the Master-Server.","timestamp":"2017-07-19T18:32:20.986Z"}
{"level":"info","message":"Attempting to create the SSH tunnels.","timestamp":"2017-07-19T18:32:20.988Z"}
{"level":"success","message":"Started Stream","timestamp":"2017-07-19T18:32:21.056Z"}
{"level":"info","message":"Setting SSH ports to 10000 and 43737","timestamp":"2017-07-19T18:32:21.101Z"}
{"level":"success","message":"SSH tunnels are up and running.","timestamp":"2017-07-19T18:32:21.102Z"}
{"level":"info","message":"Config Updated","timestamp":"2017-07-19T18:32:31.954Z"}
{"level":"warning","message":"Although the times are hard, we will try to reconnect the SSH tunels once the connection to the SSH-Manager is regained!","timestamp":"2017-07-19T18:33:12.820Z"}
{"level":"danger","message":"An (SSH) error has occured: Connection to SSH-Manager lost!","timestamp":"2017-07-19T18:33:12.820Z"}
{"level":"info","message":"Attempting to create the SSH tunnels.","timestamp":"2017-07-19T18:33:13.823Z"}
{"level":"info","message":"Setting SSH ports to 10000 and 8081","timestamp":"2017-07-19T18:33:15.853Z"}
{"level":"success","message":"SSH tunnels are up and running.","timestamp":"2017-07-19T18:33:15.854Z"}
{"level":"danger","message":"An error has occured: Camera Disconnected\nSTDERR: ffmpeg version 3.3.2 Copyright (c) 2000-2017 the FFmpeg developers\n  built with gcc 7.1.1 (GCC) 20170516\n  configuration: --prefix=/usr --disable-debug --disable-static --disable-stripping --enable-avisynth --enable-avresample --enable-fontconfig --enable-gmp --enable-gnutls --enable-gpl --enable-ladspa --enable-libass --enable-libbluray --enable-libfreetype --enable-libfribidi --enable-libgsm --enable-libiec61883 --enable-libmodplug --enable-libmp3lame --enable-libopencore_amrnb --enable-libopencore_amrwb --enable-libopenjpeg --enable-libopus --enable-libpulse --enable-libschroedinger --enable-libsoxr --enable-libspeex --enable-libssh --enable-libtheora --enable-libv4l2 --enable-libvidstab --enable-libvorbis --enable-libvpx --enable-libwebp --enable-libx264 --enable-libx265 --enable-libxcb --enable-libxvid --enable-shared --enable-version3\n  libavutil      55. 58.100 / 55. 58.100\n  libavcodec     57. 89.100 / 57. 89.100\n  libavformat    57. 71.100 / 57. 71.100\n  libavdevice    57.  6.100 / 57.  6.100\n  libavfilter     6. 82.100 /  6. 82.100\n  libavresample   3.  5.  0 /  3.  5.  0\n  libswscale      4.  6.100 /  4.  6.100\n  libswresample   2.  7.100 /  2.  7.100\n  libpostproc    54.  5.100 / 54.  5.100\n[tcp @ 0x562f08fb3540] Connection to tcp://mpv.cdn3.bigCDN.com:557?timeout=0 failed: Connection timed out\nrtsp://mpv.cdn3.bigCDN.com:557/bigCDN/definst/mp4:bigbuckbunnyiphone_400.mp4: Connection timed out\n\n","timestamp":"2017-07-19T18:34:30.989Z"}
{"level":"warning","message":"Trying to reconnect to: mpv.cdn3.bigCDN.com on port 558.","timestamp":"2017-07-19T18:34:30.991Z"}
{"level":"info","message":"Config Updated","timestamp":"2017-07-19T18:54:14.427Z"}
{"level":"info","message":"Starting Stream","timestamp":"2017-07-19T18:54:14.451Z"}
{"level":"success","message":"Connected to the Master-Server.","timestamp":"2017-07-19T18:54:14.512Z"}
{"level":"info","message":"Attempting to create the SSH tunnels.","timestamp":"2017-07-19T18:54:14.513Z"}
{"level":"info","message":"Setting SSH ports to 10000 and 8081","timestamp":"2017-07-19T18:54:14.539Z"}
{"level":"success","message":"SSH tunnels are up and running.","timestamp":"2017-07-19T18:54:14.539Z"}
{"level":"success","message":"Started Stream","timestamp":"2017-07-19T18:54:14.570Z"}
{"level":"info","message":"Config Updated","timestamp":"2017-07-19T18:54:20.445Z"}
{"level":"info","message":"Config Updated","timestamp":"2017-07-19T18:54:51.852Z"}
{"level":"info","message":"Starting Stream","timestamp":"2017-07-19T18:54:51.876Z"}
{"level":"success","message":"Connected to the Master-Server.","timestamp":"2017-07-19T18:54:51.944Z"}
{"level":"info","message":"Attempting to create the SSH tunnels.","timestamp":"2017-07-19T18:54:51.945Z"}
{"level":"success","message":"Started Stream","timestamp":"2017-07-19T18:54:52.005Z"}
{"level":"info","message":"Setting SSH ports to 10000 and 39779","timestamp":"2017-07-19T18:54:52.978Z"}
{"level":"success","message":"SSH tunnels are up and running.","timestamp":"2017-07-19T18:54:52.978Z"}
{"level":"info","message":"Taking Snapshot.","timestamp":"2017-07-19T18:54:53.095Z"}
{"level":"danger","message":"Snapshot failed: TypeError: snapBuff.run is not a function","timestamp":"2017-07-19T18:54:53.097Z"}
{"level":"warning","message":"Although the times are hard, we will try to reconnect the SSH tunels once the connection to the SSH-Manager is regained!","timestamp":"2017-07-19T18:55:16.432Z"}
{"level":"danger","message":"An (SSH) error has occured: Connection to SSH-Manager lost!","timestamp":"2017-07-19T18:55:16.432Z"}
{"level":"info","message":"Attempting to create the SSH tunnels.","timestamp":"2017-07-19T18:55:17.433Z"}
{"level":"info","message":"Setting SSH ports to 10000 and 8081","timestamp":"2017-07-19T18:55:19.464Z"}
{"level":"success","message":"SSH tunnels are up and running.","timestamp":"2017-07-19T18:55:19.464Z"}
{"level":"info","message":"Config Updated","timestamp":"2017-07-19T18:56:44.869Z"}
{"level":"info","message":"Starting Stream","timestamp":"2017-07-19T18:56:44.894Z"}
{"level":"success","message":"Connected to the Master-Server.","timestamp":"2017-07-19T18:56:44.956Z"}
{"level":"info","message":"Attempting to create the SSH tunnels.","timestamp":"2017-07-19T18:56:44.957Z"}
{"level":"info","message":"Setting SSH ports to 10000 and 8081","timestamp":"2017-07-19T18:56:44.982Z"}
{"level":"success","message":"SSH tunnels are up and running.","timestamp":"2017-07-19T18:56:44.982Z"}
{"level":"success","message":"Started Stream","timestamp":"2017-07-19T18:56:45.011Z"}
{"level":"info","message":"Config Updated","timestamp":"2017-07-19T18:56:55.999Z"}
{"level":"danger","message":"An error has occured: Camera Disconnected\nSTDERR: ffmpeg version 3.3.2 Copyright (c) 2000-2017 the FFmpeg developers\n  built with gcc 7.1.1 (GCC) 20170516\n  configuration: --prefix=/usr --disable-debug --disable-static --disable-stripping --enable-avisynth --enable-avresample --enable-fontconfig --enable-gmp --enable-gnutls --enable-gpl --enable-ladspa --enable-libass --enable-libbluray --enable-libfreetype --enable-libfribidi --enable-libgsm --enable-libiec61883 --enable-libmodplug --enable-libmp3lame --enable-libopencore_amrnb --enable-libopencore_amrwb --enable-libopenjpeg --enable-libopus --enable-libpulse --enable-libschroedinger --enable-libsoxr --enable-libspeex --enable-libssh --enable-libtheora --enable-libv4l2 --enable-libvidstab --enable-libvorbis --enable-libvpx --enable-libwebp --enable-libx264 --enable-libx265 --enable-libxcb --enable-libxvid --enable-shared --enable-version3\n  libavutil      55. 58.100 / 55. 58.100\n  libavcodec     57. 89.100 / 57. 89.100\n  libavformat    57. 71.100 / 57. 71.100\n  libavdevice    57.  6.100 / 57.  6.100\n  libavfilter     6. 82.100 /  6. 82.100\n  libavresample   3.  5.  0 /  3.  5.  0\n  libswscale      4.  6.100 /  4.  6.100\n  libswresample   2.  7.100 /  2.  7.100\n  libpostproc    54.  5.100 / 54.  5.100\n[tcp @ 0x557c64499540] Connection to tcp://mpv.cdn3.bigCDN.com:559?timeout=0 failed: Connection timed out\nrtsp://mpv.cdn3.bigCDN.com:559/bigCDN/definst/mp4:bigbuckbunnyiphone_400.mp4: Connection timed out\n\n","timestamp":"2017-07-19T18:58:55.309Z"}
{"level":"warning","message":"Trying to reconnect to: mpv.cdn3.bigCDN.com on port 560.","timestamp":"2017-07-19T18:58:55.311Z"}
{"level":"info","message":"Config Updated","timestamp":"2017-08-03T10:13:34.653Z"}
{"level":"info","message":"Starting Stream","timestamp":"2017-08-03T10:13:34.680Z"}
{"level":"success","message":"Started Stream","timestamp":"2017-08-03T10:13:34.885Z"}
{"level":"danger","message":"An error has occured: Camera Disconnected\nSTDERR: ffmpeg version 3.3.2 Copyright (c) 2000-2017 the FFmpeg developers\n  built with gcc 7.1.1 (GCC) 20170516\n  configuration: --prefix=/usr --disable-debug --disable-static --disable-stripping --enable-avisynth --enable-avresample --enable-fontconfig --enable-gmp --enable-gnutls --enable-gpl --enable-ladspa --enable-libass --enable-libbluray --enable-libfreetype --enable-libfribidi --enable-libgsm --enable-libiec61883 --enable-libmodplug --enable-libmp3lame --enable-libopencore_amrnb --enable-libopencore_amrwb --enable-libopenjpeg --enable-libopus --enable-libpulse --enable-libschroedinger --enable-libsoxr --enable-libspeex --enable-libssh --enable-libtheora --enable-libv4l2 --enable-libvidstab --enable-libvorbis --enable-libvpx --enable-libwebp --enable-libx264 --enable-libx265 --enable-libxcb --enable-libxvid --enable-shared --enable-version3\n  libavutil      55. 58.100 / 55. 58.100\n  libavcodec     57. 89.100 / 57. 89.100\n  libavformat    57. 71.100 / 57. 71.100\n  libavdevice    57.  6.100 / 57.  6.100\n  libavfilter     6. 82.100 /  6. 82.100\n  libavresample   3.  5.  0 /  3.  5.  0\n  libswscale      4.  6.100 /  4.  6.100\n  libswresample   2.  7.100 /  2.  7.100\n  libpostproc    54.  5.100 / 54.  5.100\n[tcp @ 0x55fccbd43aa0] Failed to resolve hostname mpv.cdn3.bigCDN.com: Name or service not known\nrtsp://mpv.cdn3.bigCDN.com:560/bigCDN/definst/mp4:bigbuckbunnyiphone_400.mp4: Input/output error\n\n","timestamp":"2017-08-03T10:13:54.930Z"}
{"level":"warning","message":"Trying to reconnect to: mpv.cdn3.bigCDN.com on port 560.","timestamp":"2017-08-03T10:13:54.931Z"}
{"level":"success","message":"Connected to the Master-Server.","timestamp":"2017-08-03T10:13:57.306Z"}
{"level":"info","message":"Attempting to create the SSH tunnels.","timestamp":"2017-08-03T10:13:57.307Z"}
{"level":"warning","message":"Although the times are hard, we will try to reconnect the SSH tunels once the connection to the SSH-Manager is regained!","timestamp":"2017-08-03T10:13:57.748Z"}
{"level":"danger","message":"An (SSH) error has occured: Cannot connect to the SSH-Manager.","timestamp":"2017-08-03T10:13:57.749Z"}
{"level":"info","message":"Attempting to create the SSH tunnels.","timestamp":"2017-08-03T10:14:32.834Z"}
{"level":"danger","message":"An (SSH) error has occured: Command failed: ssh -NR 10000:localhost:22 -o ExitOnForwardFailure=yes -o StrictHostKeyChecking=no -o ServerAliveInterval=30 -o ServerAliveCountMax=1    hiro@localhost\nstty: 'standard input': Inappropriate ioctl for device\n\u001b[91mcould not connect to remote: dial tcp [::1]:22: getsockopt: connection refused\u001b[0m\r\nssh_exchange_identification: Connection closed by remote host\r\n","timestamp":"2017-08-03T10:14:33.150Z"}
{"level":"warning","message":"Although the times are hard, we will try to reconnect the SSH tunels once the connection to the SSH-Manager is regained!","timestamp":"2017-08-03T10:14:35.689Z"}
{"level":"danger","message":"An (SSH) error has occured: Connection to SSH-Manager lost!","timestamp":"2017-08-03T10:14:35.690Z"}
{"level":"info","message":"Attempting to create the SSH tunnels.","timestamp":"2017-08-03T10:15:46.411Z"}
{"level":"info","message":"Setting SSH ports to 10000 and 8081","timestamp":"2017-08-03T10:15:48.448Z"}
{"level":"success","message":"SSH tunnels are up and running.","timestamp":"2017-08-03T10:15:48.448Z"}
{"level":"warning","message":"Disconnected from the Master-Server.","timestamp":"2017-08-03T10:17:04.551Z"}
{"level":"success","message":"Connected to the Master-Server.","timestamp":"2017-08-03T10:17:07.061Z"}
{"level":"info","message":"Config Updated","timestamp":"2017-08-03T10:31:58.486Z"}
{"level":"info","message":"Starting Stream","timestamp":"2017-08-03T10:31:58.504Z"}
{"level":"success","message":"Connected to the Master-Server.","timestamp":"2017-08-03T10:31:58.556Z"}
{"level":"info","message":"Attempting to create the SSH tunnels.","timestamp":"2017-08-03T10:31:58.556Z"}
{"level":"success","message":"Started Stream","timestamp":"2017-08-03T10:31:58.666Z"}
{"level":"info","message":"Setting SSH ports to 10000 and 8081","timestamp":"2017-08-03T10:31:58.675Z"}
{"level":"success","message":"SSH tunnels are up and running.","timestamp":"2017-08-03T10:31:58.675Z"}
{"level":"danger","message":"An error has occured: Camera Disconnected\nSTDERR: ffmpeg version 3.3.2 Copyright (c) 2000-2017 the FFmpeg developers\n  built with gcc 7.1.1 (GCC) 20170516\n  configuration: --prefix=/usr --disable-debug --disable-static --disable-stripping --enable-avisynth --enable-avresample --enable-fontconfig --enable-gmp --enable-gnutls --enable-gpl --enable-ladspa --enable-libass --enable-libbluray --enable-libfreetype --enable-libfribidi --enable-libgsm --enable-libiec61883 --enable-libmodplug --enable-libmp3lame --enable-libopencore_amrnb --enable-libopencore_amrwb --enable-libopenjpeg --enable-libopus --enable-libpulse --enable-libschroedinger --enable-libsoxr --enable-libspeex --enable-libssh --enable-libtheora --enable-libv4l2 --enable-libvidstab --enable-libvorbis --enable-libvpx --enable-libwebp --enable-libx264 --enable-libx265 --enable-libxcb --enable-libxvid --enable-shared --enable-version3\n  libavutil      55. 58.100 / 55. 58.100\n  libavcodec     57. 89.100 / 57. 89.100\n  libavformat    57. 71.100 / 57. 71.100\n  libavdevice    57.  6.100 / 57.  6.100\n  libavfilter     6. 82.100 /  6. 82.100\n  libavresample   3.  5.  0 /  3.  5.  0\n  libswscale      4.  6.100 /  4.  6.100\n  libswresample   2.  7.100 /  2.  7.100\n  libpostproc    54.  5.100 / 54.  5.100\n[tcp @ 0x564f7c06aaa0] Failed to resolve hostname mpv.cdn3.bigCDN.com: Name or service not known\nrtsp://mpv.cdn3.bigCDN.com:560/bigCDN/definst/mp4:bigbuckbunnyiphone_400.mp4: Input/output error\n\n","timestamp":"2017-08-03T10:32:18.735Z"}
{"level":"warning","message":"Trying to reconnect to: mpv.cdn3.bigCDN.com on port 560.","timestamp":"2017-08-03T10:32:18.737Z"}
{"level":"warning","message":"SSH is disconnected","timestamp":"2017-08-03T10:32:19.019Z"}
{"level":"info","message":"Attempting to create the SSH tunnels.","timestamp":"2017-08-03T10:32:19.019Z"}
{"level":"info","message":"Setting SSH ports to 10000 and 8081","timestamp":"2017-08-03T10:32:21.031Z"}
{"level":"success","message":"SSH tunnels are up and running.","timestamp":"2017-08-03T10:32:21.031Z"}
{"level":"warning","message":"Although the times are hard, we will try to reconnect the SSH tunels once the connection to the SSH-Manager is regained!","timestamp":"2017-08-03T10:33:30.511Z"}
{"level":"danger","message":"An (SSH) error has occured: Connection to SSH-Manager lost!","timestamp":"2017-08-03T10:33:30.512Z"}
{"level":"info","message":"Attempting to create the SSH tunnels.","timestamp":"2017-08-03T10:33:31.515Z"}
{"level":"info","message":"Setting SSH ports to 10000 and 8081","timestamp":"2017-08-03T10:33:33.551Z"}
{"level":"success","message":"SSH tunnels are up and running.","timestamp":"2017-08-03T10:33:33.552Z"}
{"level":"warning","message":"Although the times are hard, we will try to reconnect the SSH tunels once the connection to the SSH-Manager is regained!","timestamp":"2017-08-03T10:33:38.340Z"}
{"level":"danger","message":"An (SSH) error has occured: Connection to SSH-Manager lost!","timestamp":"2017-08-03T10:33:38.341Z"}
{"level":"info","message":"Attempting to create the SSH tunnels.","timestamp":"2017-08-03T10:33:40.845Z"}
{"level":"info","message":"Setting SSH ports to 10000 and 8081","timestamp":"2017-08-03T10:33:42.880Z"}
{"level":"success","message":"SSH tunnels are up and running.","timestamp":"2017-08-03T10:33:42.881Z"}
{"level":"warning","message":"Although the times are hard, we will try to reconnect the SSH tunels once the connection to the SSH-Manager is regained!","timestamp":"2017-08-03T10:35:09.786Z"}
{"level":"danger","message":"An (SSH) error has occured: Connection to SSH-Manager lost!","timestamp":"2017-08-03T10:35:09.786Z"}
{"level":"info","message":"Config Updated","timestamp":"2017-08-03T10:56:00.570Z"}
{"level":"info","message":"Starting Stream","timestamp":"2017-08-03T10:56:00.589Z"}
{"level":"success","message":"Connected to the Master-Server.","timestamp":"2017-08-03T10:56:00.647Z"}
{"level":"info","message":"Attempting to create the SSH tunnels.","timestamp":"2017-08-03T10:56:00.648Z"}
{"level":"success","message":"Started Stream","timestamp":"2017-08-03T10:56:00.665Z"}
{"level":"warning","message":"Although the times are hard, we will try to reconnect the SSH tunels once the connection to the SSH-Manager is regained!","timestamp":"2017-08-03T10:56:01.098Z"}
{"level":"danger","message":"An (SSH) error has occured: Cannot connect to the SSH-Manager.","timestamp":"2017-08-03T10:56:01.100Z"}
{"level":"info","message":"Config Updated","timestamp":"2017-08-03T10:56:11.731Z"}
{"level":"info","message":"Restarting Streamx","timestamp":"2017-08-03T10:56:11.732Z"}
{"level":"info","message":"Sopping Stream","timestamp":"2017-08-03T10:56:11.734Z"}
{"level":"danger","message":"Force Stop!","timestamp":"2017-08-03T10:56:14.735Z"}
{"level":"success","message":"Stopped Stream","timestamp":"2017-08-03T10:56:14.738Z"}
{"level":"info","message":"Starting Stream","timestamp":"2017-08-03T10:56:14.738Z"}
{"level":"success","message":"Started Stream","timestamp":"2017-08-03T10:56:14.743Z"}
{"level":"info","message":"Config Updated","timestamp":"2017-08-04T09:06:43.563Z"}
{"level":"info","message":"Starting Stream","timestamp":"2017-08-04T09:06:43.589Z"}
{"level":"success","message":"Connected to the Master-Server.","timestamp":"2017-08-04T09:06:43.664Z"}
{"level":"info","message":"Attempting to create the SSH tunnels.","timestamp":"2017-08-04T09:06:43.665Z"}
{"level":"success","message":"Started Stream","timestamp":"2017-08-04T09:06:43.802Z"}
{"level":"warning","message":"Although the times are hard, we will try to reconnect the SSH tunels once the connection to the SSH-Manager is regained!","timestamp":"2017-08-04T09:06:44.110Z"}
{"level":"danger","message":"An (SSH) error has occured: Cannot connect to the SSH-Manager.","timestamp":"2017-08-04T09:06:44.112Z"}
{"level":"danger","message":"An error has occured: Camera Disconnected\nSTDERR: ffmpeg version 3.3.2 Copyright (c) 2000-2017 the FFmpeg developers\n  built with gcc 7.1.1 (GCC) 20170516\n  configuration: --prefix=/usr --disable-debug --disable-static --disable-stripping --enable-avisynth --enable-avresample --enable-fontconfig --enable-gmp --enable-gnutls --enable-gpl --enable-ladspa --enable-libass --enable-libbluray --enable-libfreetype --enable-libfribidi --enable-libgsm --enable-libiec61883 --enable-libmodplug --enable-libmp3lame --enable-libopencore_amrnb --enable-libopencore_amrwb --enable-libopenjpeg --enable-libopus --enable-libpulse --enable-libschroedinger --enable-libsoxr --enable-libspeex --enable-libssh --enable-libtheora --enable-libv4l2 --enable-libvidstab --enable-libvorbis --enable-libvpx --enable-libwebp --enable-libx264 --enable-libx265 --enable-libxcb --enable-libxvid --enable-shared --enable-version3\n  libavutil      55. 58.100 / 55. 58.100\n  libavcodec     57. 89.100 / 57. 89.100\n  libavformat    57. 71.100 / 57. 71.100\n  libavdevice    57.  6.100 / 57.  6.100\n  libavfilter     6. 82.100 /  6. 82.100\n  libavresample   3.  5.  0 /  3.  5.  0\n  libswscale      4.  6.100 /  4.  6.100\n  libswresample   2.  7.100 /  2.  7.100\n  libpostproc    54.  5.100 / 54.  5.100\n[tcp @ 0x5630a5550aa0] Failed to resolve hostname mpv.cdn3.bigCDN.com1: Name or service not known\nrtsp://mpv.cdn3.bigCDN.com1:560/bigCDN/definst/mp4:bigbuckbunnyiphone_400.mp4: Input/output error\n\n","timestamp":"2017-08-04T09:06:45.503Z"}
{"level":"warning","message":"Trying to reconnect to: mpv.cdn3.bigCDN.com1 on port 560.","timestamp":"2017-08-04T09:06:45.505Z"}
{"level":"info","message":"Config Updated","timestamp":"2017-08-04T09:07:27.111Z"}
